{
  "stats": {
    "suites": 1,
    "tests": 8,
    "passes": 8,
    "pending": 0,
    "failures": 0,
    "start": "2023-10-24T21:25:09.894Z",
    "end": "2023-10-24T21:25:11.475Z",
    "duration": 1581,
    "testsRegistered": 8,
    "passPercent": 100,
    "pendingPercent": 0,
    "other": 0,
    "hasOther": false,
    "skipped": 0,
    "hasSkipped": false
  },
  "results": [
    {
      "uuid": "b782ef15-91d5-4833-839b-f90af70fd1b1",
      "title": "",
      "fullFile": "/Users/Volodymyr_Stefanyshyn/Documents/API testing learning/API-testing/test.spec.js",
      "file": "/test.spec.js",
      "beforeHooks": [],
      "afterHooks": [],
      "tests": [],
      "suites": [
        {
          "uuid": "b8e84a28-6ba6-4d32-be8b-b82c2cd6a8c6",
          "title": "Pet Store API Tests",
          "fullFile": "/Users/Volodymyr_Stefanyshyn/Documents/API testing learning/API-testing/test.spec.js",
          "file": "/test.spec.js",
          "beforeHooks": [],
          "afterHooks": [
            {
              "title": "\"after all\" hook in \"Pet Store API Tests\"",
              "fullTitle": "Pet Store API Tests \"after all\" hook in \"Pet Store API Tests\"",
              "timedOut": false,
              "duration": 0,
              "state": null,
              "speed": null,
              "pass": false,
              "fail": false,
              "pending": false,
              "context": null,
              "code": "if (createdUserId) {\n  const response = await axios.delete(`${baseUrl}/user/${createdUserId}`);\n  expect(response.status).to.equal(200);\n}",
              "err": {},
              "uuid": "d91ae23f-0f53-4f19-b1ad-a2a1ac33f684",
              "parentUUID": "b8e84a28-6ba6-4d32-be8b-b82c2cd6a8c6",
              "isHook": true,
              "skipped": false
            }
          ],
          "tests": [
            {
              "title": "should allow creating a User",
              "fullTitle": "Pet Store API Tests should allow creating a User",
              "timedOut": false,
              "duration": 655,
              "state": "passed",
              "speed": "slow",
              "pass": true,
              "fail": false,
              "pending": false,
              "context": null,
              "code": "const response = await axios.post(`${baseUrl}/user`, {\n  id: 1,\n  username: 'Vova',\n  firstName: 'Volodymyr',\n  lastName: 'Stefanyshyn',\n  email: 'vs@example.com',\n  password: 'v',\n  phone: '0671727617',\n});\nexpect(response.status).to.equal(200);\ncreatedUserId = response.data.id;",
              "err": {},
              "uuid": "2f5ec124-c695-47fb-bf35-bf345b6c0ccd",
              "parentUUID": "b8e84a28-6ba6-4d32-be8b-b82c2cd6a8c6",
              "isHook": false,
              "skipped": false
            },
            {
              "title": "should allow login as a User",
              "fullTitle": "Pet Store API Tests should allow login as a User",
              "timedOut": false,
              "duration": 129,
              "state": "passed",
              "speed": "slow",
              "pass": true,
              "fail": false,
              "pending": false,
              "context": null,
              "code": "const response = await axios.get(`${baseUrl}/user/login?username=Vova&password=password`);\nexpect(response.status).to.equal(200);",
              "err": {},
              "uuid": "2cc07c05-3f25-426a-b5b9-aa3ef1ba01f0",
              "parentUUID": "b8e84a28-6ba6-4d32-be8b-b82c2cd6a8c6",
              "isHook": false,
              "skipped": false
            },
            {
              "title": "should allow creating a list of Users",
              "fullTitle": "Pet Store API Tests should allow creating a list of Users",
              "timedOut": false,
              "duration": 127,
              "state": "passed",
              "speed": "slow",
              "pass": true,
              "fail": false,
              "pending": false,
              "context": null,
              "code": "const response = await axios.post(`${baseUrl}/user/createWithList`, \n[\n  {\n    \"id\": 2,\n    \"username\": \"TestAList\",\n    \"firstName\": \"TestAList\",\n    \"lastName\": \"TestAList\",\n    \"email\": \"test@gmail.com\",\n    \"password\": \"pass123\",\n    \"phone\": \"0671727617\",\n    \"userStatus\": 2\n  },\n {\n    \"id\": 3,\n    \"username\": \"TestAListsecondU\",\n    \"firstName\": \"TestAListsecondF\",\n    \"lastName\": \"TestAListsecondL\",\n    \"email\": \"testsecond@gmail.com\",\n    \"password\": \"pass1233\",\n    \"phone\": \"0671727618\",\n    \"userStatus\": 3\n  }\n]\n);",
              "err": {},
              "uuid": "5915d77d-7186-41d0-8f99-e49869f57ac9",
              "parentUUID": "b8e84a28-6ba6-4d32-be8b-b82c2cd6a8c6",
              "isHook": false,
              "skipped": false
            },
            {
              "title": "should allow Log out User",
              "fullTitle": "Pet Store API Tests should allow Log out User",
              "timedOut": false,
              "duration": 129,
              "state": "passed",
              "speed": "slow",
              "pass": true,
              "fail": false,
              "pending": false,
              "context": null,
              "code": "const response = await axios.get(`${baseUrl}/user/logout`)",
              "err": {},
              "uuid": "2f0a42ec-a1b1-4720-bed8-8172dbc20f13",
              "parentUUID": "b8e84a28-6ba6-4d32-be8b-b82c2cd6a8c6",
              "isHook": false,
              "skipped": false
            },
            {
              "title": "should allow adding a new Pet",
              "fullTitle": "Pet Store API Tests should allow adding a new Pet",
              "timedOut": false,
              "duration": 132,
              "state": "passed",
              "speed": "slow",
              "pass": true,
              "fail": false,
              "pending": false,
              "context": null,
              "code": "const response = await axios.post(`${baseUrl}/pet`, {\n  id: 10,\n  name: 'Ted',\n  photoUrls: ['https://dog.com/ted.jpg'],\n  status: 'available',\n});\nexpect(response.status).to.equal(200);\ncreatedPetId = response.data.id;",
              "err": {},
              "uuid": "5051e1e1-9750-4472-8e2b-e23eaadb6ad6",
              "parentUUID": "b8e84a28-6ba6-4d32-be8b-b82c2cd6a8c6",
              "isHook": false,
              "skipped": false
            },
            {
              "title": "should allow updating Pet’s image",
              "fullTitle": "Pet Store API Tests should allow updating Pet’s image",
              "timedOut": false,
              "duration": 131,
              "state": "passed",
              "speed": "slow",
              "pass": true,
              "fail": false,
              "pending": false,
              "context": null,
              "code": "const response = await axios.post(`${baseUrl}/pet/`, {\n    \"id\": 10,\n    photoUrls: ['https://newDog.com/ted.jpg'],\n  });\n  \n  expect(response.status).to.equal(200);",
              "err": {},
              "uuid": "650d41bd-1d67-4941-97ce-757f058d5d46",
              "parentUUID": "b8e84a28-6ba6-4d32-be8b-b82c2cd6a8c6",
              "isHook": false,
              "skipped": false
            },
            {
              "title": "should allow updating Pet’s name and status",
              "fullTitle": "Pet Store API Tests should allow updating Pet’s name and status",
              "timedOut": false,
              "duration": 132,
              "state": "passed",
              "speed": "slow",
              "pass": true,
              "fail": false,
              "pending": false,
              "context": null,
              "code": "const response = await axios.post(`${baseUrl}/pet`, {\n  \"id\": 10,\n  \"name\": \"TedDogNewName\",\n  \"status\": \"newStatus\"\n});\n\nexpect(response.status).to.equal(200);",
              "err": {},
              "uuid": "a995d8af-257d-424c-8714-c1e3d974b6d0",
              "parentUUID": "b8e84a28-6ba6-4d32-be8b-b82c2cd6a8c6",
              "isHook": false,
              "skipped": false
            },
            {
              "title": "should allow deleting Pet",
              "fullTitle": "Pet Store API Tests should allow deleting Pet",
              "timedOut": false,
              "duration": 133,
              "state": "passed",
              "speed": "slow",
              "pass": true,
              "fail": false,
              "pending": false,
              "context": null,
              "code": "const response = await axios.delete(`${baseUrl}/pet/${createdPetId}`);\nexpect(response.status).to.equal(200);",
              "err": {},
              "uuid": "d3627045-5e85-4905-93cd-51ecc9db3813",
              "parentUUID": "b8e84a28-6ba6-4d32-be8b-b82c2cd6a8c6",
              "isHook": false,
              "skipped": false
            }
          ],
          "suites": [],
          "passes": [
            "2f5ec124-c695-47fb-bf35-bf345b6c0ccd",
            "2cc07c05-3f25-426a-b5b9-aa3ef1ba01f0",
            "5915d77d-7186-41d0-8f99-e49869f57ac9",
            "2f0a42ec-a1b1-4720-bed8-8172dbc20f13",
            "5051e1e1-9750-4472-8e2b-e23eaadb6ad6",
            "650d41bd-1d67-4941-97ce-757f058d5d46",
            "a995d8af-257d-424c-8714-c1e3d974b6d0",
            "d3627045-5e85-4905-93cd-51ecc9db3813"
          ],
          "failures": [],
          "pending": [],
          "skipped": [],
          "duration": 1568,
          "root": false,
          "rootEmpty": false,
          "_timeout": 2000
        }
      ],
      "passes": [],
      "failures": [],
      "pending": [],
      "skipped": [],
      "duration": 0,
      "root": true,
      "rootEmpty": true,
      "_timeout": 2000
    }
  ],
  "meta": {
    "mocha": {
      "version": "10.2.0"
    },
    "mochawesome": {
      "options": {
        "quiet": false,
        "reportFilename": "mochawesome",
        "saveHtml": true,
        "saveJson": true,
        "consoleReporter": "spec",
        "useInlineDiffs": false,
        "code": true
      },
      "version": "7.1.3"
    },
    "marge": {
      "options": null,
      "version": "6.2.0"
    }
  }
}